Created by PLY version 3.11 (http://www.dabeaz.com/ply)

Unused terminals:

    ELSE

Grammar

Rule 0     S' -> expression
Rule 1     expression -> expression PLUS expression
Rule 2     expression -> expression MINUS expression
Rule 3     expression -> expression TIMES expression
Rule 4     expression -> expression DIVIDE expression
Rule 5     expression -> LPAREN expression RPAREN
Rule 6     expression -> NUMBER
Rule 7     expression -> IF expression
Rule 8     expression -> WHILE expression

Terminals, with rules where they appear

DIVIDE               : 4
ELSE                 : 
IF                   : 7
LPAREN               : 5
MINUS                : 2
NUMBER               : 6
PLUS                 : 1
RPAREN               : 5
TIMES                : 3
WHILE                : 8
error                : 

Nonterminals, with rules where they appear

expression           : 1 1 2 2 3 3 4 4 5 7 8 0

Parsing method: LALR

state 0

    (0) S' -> . expression
    (1) expression -> . expression PLUS expression
    (2) expression -> . expression MINUS expression
    (3) expression -> . expression TIMES expression
    (4) expression -> . expression DIVIDE expression
    (5) expression -> . LPAREN expression RPAREN
    (6) expression -> . NUMBER
    (7) expression -> . IF expression
    (8) expression -> . WHILE expression

    LPAREN          shift and go to state 2
    NUMBER          shift and go to state 3
    IF              shift and go to state 4
    WHILE           shift and go to state 5

    expression                     shift and go to state 1

state 1

    (0) S' -> expression .
    (1) expression -> expression . PLUS expression
    (2) expression -> expression . MINUS expression
    (3) expression -> expression . TIMES expression
    (4) expression -> expression . DIVIDE expression

    PLUS            shift and go to state 6
    MINUS           shift and go to state 7
    TIMES           shift and go to state 8
    DIVIDE          shift and go to state 9


state 2

    (5) expression -> LPAREN . expression RPAREN
    (1) expression -> . expression PLUS expression
    (2) expression -> . expression MINUS expression
    (3) expression -> . expression TIMES expression
    (4) expression -> . expression DIVIDE expression
    (5) expression -> . LPAREN expression RPAREN
    (6) expression -> . NUMBER
    (7) expression -> . IF expression
    (8) expression -> . WHILE expression

    LPAREN          shift and go to state 2
    NUMBER          shift and go to state 3
    IF              shift and go to state 4
    WHILE           shift and go to state 5

    expression                     shift and go to state 10

state 3

    (6) expression -> NUMBER .

    PLUS            reduce using rule 6 (expression -> NUMBER .)
    MINUS           reduce using rule 6 (expression -> NUMBER .)
    TIMES           reduce using rule 6 (expression -> NUMBER .)
    DIVIDE          reduce using rule 6 (expression -> NUMBER .)
    $end            reduce using rule 6 (expression -> NUMBER .)
    RPAREN          reduce using rule 6 (expression -> NUMBER .)


state 4

    (7) expression -> IF . expression
    (1) expression -> . expression PLUS expression
    (2) expression -> . expression MINUS expression
    (3) expression -> . expression TIMES expression
    (4) expression -> . expression DIVIDE expression
    (5) expression -> . LPAREN expression RPAREN
    (6) expression -> . NUMBER
    (7) expression -> . IF expression
    (8) expression -> . WHILE expression

    LPAREN          shift and go to state 2
    NUMBER          shift and go to state 3
    IF              shift and go to state 4
    WHILE           shift and go to state 5

    expression                     shift and go to state 11

state 5

    (8) expression -> WHILE . expression
    (1) expression -> . expression PLUS expression
    (2) expression -> . expression MINUS expression
    (3) expression -> . expression TIMES expression
    (4) expression -> . expression DIVIDE expression
    (5) expression -> . LPAREN expression RPAREN
    (6) expression -> . NUMBER
    (7) expression -> . IF expression
    (8) expression -> . WHILE expression

    LPAREN          shift and go to state 2
    NUMBER          shift and go to state 3
    IF              shift and go to state 4
    WHILE           shift and go to state 5

    expression                     shift and go to state 12

state 6

    (1) expression -> expression PLUS . expression
    (1) expression -> . expression PLUS expression
    (2) expression -> . expression MINUS expression
    (3) expression -> . expression TIMES expression
    (4) expression -> . expression DIVIDE expression
    (5) expression -> . LPAREN expression RPAREN
    (6) expression -> . NUMBER
    (7) expression -> . IF expression
    (8) expression -> . WHILE expression

    LPAREN          shift and go to state 2
    NUMBER          shift and go to state 3
    IF              shift and go to state 4
    WHILE           shift and go to state 5

    expression                     shift and go to state 13

state 7

    (2) expression -> expression MINUS . expression
    (1) expression -> . expression PLUS expression
    (2) expression -> . expression MINUS expression
    (3) expression -> . expression TIMES expression
    (4) expression -> . expression DIVIDE expression
    (5) expression -> . LPAREN expression RPAREN
    (6) expression -> . NUMBER
    (7) expression -> . IF expression
    (8) expression -> . WHILE expression

    LPAREN          shift and go to state 2
    NUMBER          shift and go to state 3
    IF              shift and go to state 4
    WHILE           shift and go to state 5

    expression                     shift and go to state 14

state 8

    (3) expression -> expression TIMES . expression
    (1) expression -> . expression PLUS expression
    (2) expression -> . expression MINUS expression
    (3) expression -> . expression TIMES expression
    (4) expression -> . expression DIVIDE expression
    (5) expression -> . LPAREN expression RPAREN
    (6) expression -> . NUMBER
    (7) expression -> . IF expression
    (8) expression -> . WHILE expression

    LPAREN          shift and go to state 2
    NUMBER          shift and go to state 3
    IF              shift and go to state 4
    WHILE           shift and go to state 5

    expression                     shift and go to state 15

state 9

    (4) expression -> expression DIVIDE . expression
    (1) expression -> . expression PLUS expression
    (2) expression -> . expression MINUS expression
    (3) expression -> . expression TIMES expression
    (4) expression -> . expression DIVIDE expression
    (5) expression -> . LPAREN expression RPAREN
    (6) expression -> . NUMBER
    (7) expression -> . IF expression
    (8) expression -> . WHILE expression

    LPAREN          shift and go to state 2
    NUMBER          shift and go to state 3
    IF              shift and go to state 4
    WHILE           shift and go to state 5

    expression                     shift and go to state 16

state 10

    (5) expression -> LPAREN expression . RPAREN
    (1) expression -> expression . PLUS expression
    (2) expression -> expression . MINUS expression
    (3) expression -> expression . TIMES expression
    (4) expression -> expression . DIVIDE expression

    RPAREN          shift and go to state 17
    PLUS            shift and go to state 6
    MINUS           shift and go to state 7
    TIMES           shift and go to state 8
    DIVIDE          shift and go to state 9


state 11

    (7) expression -> IF expression .
    (1) expression -> expression . PLUS expression
    (2) expression -> expression . MINUS expression
    (3) expression -> expression . TIMES expression
    (4) expression -> expression . DIVIDE expression

  ! shift/reduce conflict for PLUS resolved as shift
  ! shift/reduce conflict for MINUS resolved as shift
  ! shift/reduce conflict for TIMES resolved as shift
  ! shift/reduce conflict for DIVIDE resolved as shift
    $end            reduce using rule 7 (expression -> IF expression .)
    RPAREN          reduce using rule 7 (expression -> IF expression .)
    PLUS            shift and go to state 6
    MINUS           shift and go to state 7
    TIMES           shift and go to state 8
    DIVIDE          shift and go to state 9

  ! PLUS            [ reduce using rule 7 (expression -> IF expression .) ]
  ! MINUS           [ reduce using rule 7 (expression -> IF expression .) ]
  ! TIMES           [ reduce using rule 7 (expression -> IF expression .) ]
  ! DIVIDE          [ reduce using rule 7 (expression -> IF expression .) ]


state 12

    (8) expression -> WHILE expression .
    (1) expression -> expression . PLUS expression
    (2) expression -> expression . MINUS expression
    (3) expression -> expression . TIMES expression
    (4) expression -> expression . DIVIDE expression

  ! shift/reduce conflict for PLUS resolved as shift
  ! shift/reduce conflict for MINUS resolved as shift
  ! shift/reduce conflict for TIMES resolved as shift
  ! shift/reduce conflict for DIVIDE resolved as shift
    $end            reduce using rule 8 (expression -> WHILE expression .)
    RPAREN          reduce using rule 8 (expression -> WHILE expression .)
    PLUS            shift and go to state 6
    MINUS           shift and go to state 7
    TIMES           shift and go to state 8
    DIVIDE          shift and go to state 9

  ! PLUS            [ reduce using rule 8 (expression -> WHILE expression .) ]
  ! MINUS           [ reduce using rule 8 (expression -> WHILE expression .) ]
  ! TIMES           [ reduce using rule 8 (expression -> WHILE expression .) ]
  ! DIVIDE          [ reduce using rule 8 (expression -> WHILE expression .) ]


state 13

    (1) expression -> expression PLUS expression .
    (1) expression -> expression . PLUS expression
    (2) expression -> expression . MINUS expression
    (3) expression -> expression . TIMES expression
    (4) expression -> expression . DIVIDE expression

  ! shift/reduce conflict for PLUS resolved as shift
  ! shift/reduce conflict for MINUS resolved as shift
  ! shift/reduce conflict for TIMES resolved as shift
  ! shift/reduce conflict for DIVIDE resolved as shift
    $end            reduce using rule 1 (expression -> expression PLUS expression .)
    RPAREN          reduce using rule 1 (expression -> expression PLUS expression .)
    PLUS            shift and go to state 6
    MINUS           shift and go to state 7
    TIMES           shift and go to state 8
    DIVIDE          shift and go to state 9

  ! PLUS            [ reduce using rule 1 (expression -> expression PLUS expression .) ]
  ! MINUS           [ reduce using rule 1 (expression -> expression PLUS expression .) ]
  ! TIMES           [ reduce using rule 1 (expression -> expression PLUS expression .) ]
  ! DIVIDE          [ reduce using rule 1 (expression -> expression PLUS expression .) ]


state 14

    (2) expression -> expression MINUS expression .
    (1) expression -> expression . PLUS expression
    (2) expression -> expression . MINUS expression
    (3) expression -> expression . TIMES expression
    (4) expression -> expression . DIVIDE expression

  ! shift/reduce conflict for PLUS resolved as shift
  ! shift/reduce conflict for MINUS resolved as shift
  ! shift/reduce conflict for TIMES resolved as shift
  ! shift/reduce conflict for DIVIDE resolved as shift
    $end            reduce using rule 2 (expression -> expression MINUS expression .)
    RPAREN          reduce using rule 2 (expression -> expression MINUS expression .)
    PLUS            shift and go to state 6
    MINUS           shift and go to state 7
    TIMES           shift and go to state 8
    DIVIDE          shift and go to state 9

  ! PLUS            [ reduce using rule 2 (expression -> expression MINUS expression .) ]
  ! MINUS           [ reduce using rule 2 (expression -> expression MINUS expression .) ]
  ! TIMES           [ reduce using rule 2 (expression -> expression MINUS expression .) ]
  ! DIVIDE          [ reduce using rule 2 (expression -> expression MINUS expression .) ]


state 15

    (3) expression -> expression TIMES expression .
    (1) expression -> expression . PLUS expression
    (2) expression -> expression . MINUS expression
    (3) expression -> expression . TIMES expression
    (4) expression -> expression . DIVIDE expression

  ! shift/reduce conflict for PLUS resolved as shift
  ! shift/reduce conflict for MINUS resolved as shift
  ! shift/reduce conflict for TIMES resolved as shift
  ! shift/reduce conflict for DIVIDE resolved as shift
    $end            reduce using rule 3 (expression -> expression TIMES expression .)
    RPAREN          reduce using rule 3 (expression -> expression TIMES expression .)
    PLUS            shift and go to state 6
    MINUS           shift and go to state 7
    TIMES           shift and go to state 8
    DIVIDE          shift and go to state 9

  ! PLUS            [ reduce using rule 3 (expression -> expression TIMES expression .) ]
  ! MINUS           [ reduce using rule 3 (expression -> expression TIMES expression .) ]
  ! TIMES           [ reduce using rule 3 (expression -> expression TIMES expression .) ]
  ! DIVIDE          [ reduce using rule 3 (expression -> expression TIMES expression .) ]


state 16

    (4) expression -> expression DIVIDE expression .
    (1) expression -> expression . PLUS expression
    (2) expression -> expression . MINUS expression
    (3) expression -> expression . TIMES expression
    (4) expression -> expression . DIVIDE expression

  ! shift/reduce conflict for PLUS resolved as shift
  ! shift/reduce conflict for MINUS resolved as shift
  ! shift/reduce conflict for TIMES resolved as shift
  ! shift/reduce conflict for DIVIDE resolved as shift
    $end            reduce using rule 4 (expression -> expression DIVIDE expression .)
    RPAREN          reduce using rule 4 (expression -> expression DIVIDE expression .)
    PLUS            shift and go to state 6
    MINUS           shift and go to state 7
    TIMES           shift and go to state 8
    DIVIDE          shift and go to state 9

  ! PLUS            [ reduce using rule 4 (expression -> expression DIVIDE expression .) ]
  ! MINUS           [ reduce using rule 4 (expression -> expression DIVIDE expression .) ]
  ! TIMES           [ reduce using rule 4 (expression -> expression DIVIDE expression .) ]
  ! DIVIDE          [ reduce using rule 4 (expression -> expression DIVIDE expression .) ]


state 17

    (5) expression -> LPAREN expression RPAREN .

    PLUS            reduce using rule 5 (expression -> LPAREN expression RPAREN .)
    MINUS           reduce using rule 5 (expression -> LPAREN expression RPAREN .)
    TIMES           reduce using rule 5 (expression -> LPAREN expression RPAREN .)
    DIVIDE          reduce using rule 5 (expression -> LPAREN expression RPAREN .)
    $end            reduce using rule 5 (expression -> LPAREN expression RPAREN .)
    RPAREN          reduce using rule 5 (expression -> LPAREN expression RPAREN .)

WARNING: 
WARNING: Conflicts:
WARNING: 
WARNING: shift/reduce conflict for PLUS in state 11 resolved as shift
WARNING: shift/reduce conflict for MINUS in state 11 resolved as shift
WARNING: shift/reduce conflict for TIMES in state 11 resolved as shift
WARNING: shift/reduce conflict for DIVIDE in state 11 resolved as shift
WARNING: shift/reduce conflict for PLUS in state 12 resolved as shift
WARNING: shift/reduce conflict for MINUS in state 12 resolved as shift
WARNING: shift/reduce conflict for TIMES in state 12 resolved as shift
WARNING: shift/reduce conflict for DIVIDE in state 12 resolved as shift
WARNING: shift/reduce conflict for PLUS in state 13 resolved as shift
WARNING: shift/reduce conflict for MINUS in state 13 resolved as shift
WARNING: shift/reduce conflict for TIMES in state 13 resolved as shift
WARNING: shift/reduce conflict for DIVIDE in state 13 resolved as shift
WARNING: shift/reduce conflict for PLUS in state 14 resolved as shift
WARNING: shift/reduce conflict for MINUS in state 14 resolved as shift
WARNING: shift/reduce conflict for TIMES in state 14 resolved as shift
WARNING: shift/reduce conflict for DIVIDE in state 14 resolved as shift
WARNING: shift/reduce conflict for PLUS in state 15 resolved as shift
WARNING: shift/reduce conflict for MINUS in state 15 resolved as shift
WARNING: shift/reduce conflict for TIMES in state 15 resolved as shift
WARNING: shift/reduce conflict for DIVIDE in state 15 resolved as shift
WARNING: shift/reduce conflict for PLUS in state 16 resolved as shift
WARNING: shift/reduce conflict for MINUS in state 16 resolved as shift
WARNING: shift/reduce conflict for TIMES in state 16 resolved as shift
WARNING: shift/reduce conflict for DIVIDE in state 16 resolved as shift
